
*** Running vivado
    with args -log design_1_rgb2vga_0_1.vds -m64 -product Vivado -mode batch -messageDb vivado.pb -notrace -source design_1_rgb2vga_0_1.tcl


****** Vivado v2018.2 (64-bit)
  **** SW Build 2258646 on Thu Jun 14 20:03:12 MDT 2018
  **** IP Build 2256618 on Thu Jun 14 22:10:49 MDT 2018
    ** Copyright 1986-2018 Xilinx, Inc. All Rights Reserved.

source design_1_rgb2vga_0_1.tcl -notrace
create_project: Time (s): cpu = 00:00:08 ; elapsed = 00:00:17 . Memory (MB): peak = 310.691 ; gain = 72.223
Command: synth_design -top design_1_rgb2vga_0_1 -part xc7z010clg400-1 -mode out_of_context
Starting synth_design
Attempting to get a license for feature 'Synthesis' and/or device 'xc7z010'
INFO: [Common 17-349] Got license for feature 'Synthesis' and/or device 'xc7z010'
INFO: Launching helper process for spawning children vivado processes
INFO: Helper process launched with PID 10160 
---------------------------------------------------------------------------------
Starting RTL Elaboration : Time (s): cpu = 00:00:05 ; elapsed = 00:00:08 . Memory (MB): peak = 464.730 ; gain = 92.848
---------------------------------------------------------------------------------
INFO: [Synth 8-638] synthesizing module 'design_1_rgb2vga_0_1' [c:/Users/user/Desktop/sobel_zedboard_zybo/sobel_zybo/sobel_zybo.srcs/sources_1/bd/design_1/ip/design_1_rgb2vga_0_1/synth/design_1_rgb2vga_0_1.vhd:71]
	Parameter VID_IN_DATA_WIDTH bound to: 24 - type: integer 
	Parameter kRedDepth bound to: 5 - type: integer 
	Parameter kGreenDepth bound to: 6 - type: integer 
	Parameter kBlueDepth bound to: 5 - type: integer 
INFO: [Synth 8-3491] module 'rgb2vga' declared at 'c:/Users/user/Desktop/sobel_zedboard_zybo/sobel_zybo/sobel_zybo.srcs/sources_1/bd/design_1/ipshared/69dc/src/rgb2vga.vhd:58' bound to instance 'U0' of component 'rgb2vga' [c:/Users/user/Desktop/sobel_zedboard_zybo/sobel_zybo/sobel_zybo.srcs/sources_1/bd/design_1/ip/design_1_rgb2vga_0_1/synth/design_1_rgb2vga_0_1.vhd:107]
INFO: [Synth 8-638] synthesizing module 'rgb2vga' [c:/Users/user/Desktop/sobel_zedboard_zybo/sobel_zybo/sobel_zybo.srcs/sources_1/bd/design_1/ipshared/69dc/src/rgb2vga.vhd:81]
	Parameter VID_IN_DATA_WIDTH bound to: 24 - type: integer 
	Parameter kRedDepth bound to: 5 - type: integer 
	Parameter kGreenDepth bound to: 6 - type: integer 
	Parameter kBlueDepth bound to: 5 - type: integer 
INFO: [Synth 8-256] done synthesizing module 'rgb2vga' (1#1) [c:/Users/user/Desktop/sobel_zedboard_zybo/sobel_zybo/sobel_zybo.srcs/sources_1/bd/design_1/ipshared/69dc/src/rgb2vga.vhd:81]
INFO: [Synth 8-256] done synthesizing module 'design_1_rgb2vga_0_1' (2#1) [c:/Users/user/Desktop/sobel_zedboard_zybo/sobel_zybo/sobel_zybo.srcs/sources_1/bd/design_1/ip/design_1_rgb2vga_0_1/synth/design_1_rgb2vga_0_1.vhd:71]
---------------------------------------------------------------------------------
Finished RTL Elaboration : Time (s): cpu = 00:00:07 ; elapsed = 00:00:10 . Memory (MB): peak = 515.301 ; gain = 143.418
---------------------------------------------------------------------------------

Report Check Netlist: 
+------+------------------+-------+---------+-------+------------------+
|      |Item              |Errors |Warnings |Status |Description       |
+------+------------------+-------+---------+-------+------------------+
|1     |multi_driven_nets |      0|        0|Passed |Multi driven nets |
+------+------------------+-------+---------+-------+------------------+
---------------------------------------------------------------------------------
Start Handling Custom Attributes
---------------------------------------------------------------------------------
---------------------------------------------------------------------------------
Finished Handling Custom Attributes : Time (s): cpu = 00:00:07 ; elapsed = 00:00:11 . Memory (MB): peak = 515.301 ; gain = 143.418
---------------------------------------------------------------------------------
---------------------------------------------------------------------------------
Finished RTL Optimization Phase 1 : Time (s): cpu = 00:00:07 ; elapsed = 00:00:11 . Memory (MB): peak = 515.301 ; gain = 143.418
---------------------------------------------------------------------------------
INFO: [Device 21-403] Loading part xc7z010clg400-1
INFO: [Project 1-570] Preparing netlist for logic optimization

Processing XDC Constraints
Initializing timing engine
Completed Processing XDC Constraints

INFO: [Project 1-111] Unisim Transformation Summary:
No Unisim elements were transformed.

WARNING: [Constraints 18-5210] No constraint will be written out.
Constraint Validation Runtime : Time (s): cpu = 00:00:00 ; elapsed = 00:00:00.166 . Memory (MB): peak = 794.391 ; gain = 1.766
---------------------------------------------------------------------------------
Finished Constraint Validation : Time (s): cpu = 00:00:29 ; elapsed = 00:00:38 . Memory (MB): peak = 794.391 ; gain = 422.508
---------------------------------------------------------------------------------
---------------------------------------------------------------------------------
Start Loading Part and Timing Information
---------------------------------------------------------------------------------
Loading part: xc7z010clg400-1
---------------------------------------------------------------------------------
Finished Loading Part and Timing Information : Time (s): cpu = 00:00:29 ; elapsed = 00:00:38 . Memory (MB): peak = 794.391 ; gain = 422.508
---------------------------------------------------------------------------------
---------------------------------------------------------------------------------
Start Applying 'set_property' XDC Constraints
---------------------------------------------------------------------------------
---------------------------------------------------------------------------------
Finished applying 'set_property' XDC Constraints : Time (s): cpu = 00:00:29 ; elapsed = 00:00:38 . Memory (MB): peak = 794.391 ; gain = 422.508
---------------------------------------------------------------------------------
---------------------------------------------------------------------------------
Finished RTL Optimization Phase 2 : Time (s): cpu = 00:00:29 ; elapsed = 00:00:38 . Memory (MB): peak = 794.391 ; gain = 422.508
---------------------------------------------------------------------------------

Report RTL Partitions: 
+-+--------------+------------+----------+
| |RTL Partition |Replication |Instances |
+-+--------------+------------+----------+
+-+--------------+------------+----------+
---------------------------------------------------------------------------------
Start RTL Component Statistics 
---------------------------------------------------------------------------------
Detailed RTL Component Info : 
+---Registers : 
	               24 Bit    Registers := 1     
	                1 Bit    Registers := 2     
+---Muxes : 
	   2 Input     24 Bit        Muxes := 1     
---------------------------------------------------------------------------------
Finished RTL Component Statistics 
---------------------------------------------------------------------------------
---------------------------------------------------------------------------------
Start RTL Hierarchical Component Statistics 
---------------------------------------------------------------------------------
Hierarchical RTL Component report 
Module rgb2vga 
Detailed RTL Component Info : 
+---Registers : 
	               24 Bit    Registers := 1     
	                1 Bit    Registers := 2     
+---Muxes : 
	   2 Input     24 Bit        Muxes := 1     
---------------------------------------------------------------------------------
Finished RTL Hierarchical Component Statistics
---------------------------------------------------------------------------------
---------------------------------------------------------------------------------
Start Part Resource Summary
---------------------------------------------------------------------------------
Part Resources:
DSPs: 80 (col length:40)
BRAMs: 120 (col length: RAMB18 40 RAMB36 20)
---------------------------------------------------------------------------------
Finished Part Resource Summary
---------------------------------------------------------------------------------
---------------------------------------------------------------------------------
Start Cross Boundary and Area Optimization
---------------------------------------------------------------------------------
Warning: Parallel synthesis criteria is not met 
INFO: [Synth 8-3332] Sequential element (U0/int_pData_reg[18]) is unused and will be removed from module design_1_rgb2vga_0_1.
INFO: [Synth 8-3332] Sequential element (U0/int_pData_reg[17]) is unused and will be removed from module design_1_rgb2vga_0_1.
INFO: [Synth 8-3332] Sequential element (U0/int_pData_reg[16]) is unused and will be removed from module design_1_rgb2vga_0_1.
INFO: [Synth 8-3332] Sequential element (U0/int_pData_reg[10]) is unused and will be removed from module design_1_rgb2vga_0_1.
INFO: [Synth 8-3332] Sequential element (U0/int_pData_reg[9]) is unused and will be removed from module design_1_rgb2vga_0_1.
INFO: [Synth 8-3332] Sequential element (U0/int_pData_reg[8]) is unused and will be removed from module design_1_rgb2vga_0_1.
INFO: [Synth 8-3332] Sequential element (U0/int_pData_reg[1]) is unused and will be removed from module design_1_rgb2vga_0_1.
INFO: [Synth 8-3332] Sequential element (U0/int_pData_reg[0]) is unused and will be removed from module design_1_rgb2vga_0_1.
---------------------------------------------------------------------------------
Finished Cross Boundary and Area Optimization : Time (s): cpu = 00:00:31 ; elapsed = 00:00:39 . Memory (MB): peak = 794.391 ; gain = 422.508
---------------------------------------------------------------------------------

Report RTL Partitions: 
+-+--------------+------------+----------+
| |RTL Partition |Replication |Instances |
+-+--------------+------------+----------+
+-+--------------+------------+----------+
---------------------------------------------------------------------------------
Start Applying XDC Timing Constraints
---------------------------------------------------------------------------------
---------------------------------------------------------------------------------
Finished Applying XDC Timing Constraints : Time (s): cpu = 00:00:54 ; elapsed = 00:01:05 . Memory (MB): peak = 847.875 ; gain = 475.992
---------------------------------------------------------------------------------
---------------------------------------------------------------------------------
Start Timing Optimization
---------------------------------------------------------------------------------
---------------------------------------------------------------------------------
Finished Timing Optimization : Time (s): cpu = 00:00:54 ; elapsed = 00:01:05 . Memory (MB): peak = 847.875 ; gain = 475.992
---------------------------------------------------------------------------------

Report RTL Partitions: 
+-+--------------+------------+----------+
| |RTL Partition |Replication |Instances |
+-+--------------+------------+----------+
+-+--------------+------------+----------+
---------------------------------------------------------------------------------
Start Technology Mapping
---------------------------------------------------------------------------------
---------------------------------------------------------------------------------
Finished Technology Mapping : Time (s): cpu = 00:00:54 ; elapsed = 00:01:05 . Memory (MB): peak = 857.434 ; gain = 485.551
---------------------------------------------------------------------------------

Report RTL Partitions: 
+-+--------------+------------+----------+
| |RTL Partition |Replication |Instances |
+-+--------------+------------+----------+
+-+--------------+------------+----------+
---------------------------------------------------------------------------------
Start IO Insertion
---------------------------------------------------------------------------------
---------------------------------------------------------------------------------
Start Flattening Before IO Insertion
---------------------------------------------------------------------------------
---------------------------------------------------------------------------------
Finished Flattening Before IO Insertion
---------------------------------------------------------------------------------
---------------------------------------------------------------------------------
Start Final Netlist Cleanup
---------------------------------------------------------------------------------
---------------------------------------------------------------------------------
Finished Final Netlist Cleanup
---------------------------------------------------------------------------------
---------------------------------------------------------------------------------
Finished IO Insertion : Time (s): cpu = 00:00:56 ; elapsed = 00:01:08 . Memory (MB): peak = 857.434 ; gain = 485.551
---------------------------------------------------------------------------------

Report Check Netlist: 
+------+------------------+-------+---------+-------+------------------+
|      |Item              |Errors |Warnings |Status |Description       |
+------+------------------+-------+---------+-------+------------------+
|1     |multi_driven_nets |      0|        0|Passed |Multi driven nets |
+------+------------------+-------+---------+-------+------------------+
---------------------------------------------------------------------------------
Start Renaming Generated Instances
---------------------------------------------------------------------------------
---------------------------------------------------------------------------------
Finished Renaming Generated Instances : Time (s): cpu = 00:00:56 ; elapsed = 00:01:08 . Memory (MB): peak = 857.434 ; gain = 485.551
---------------------------------------------------------------------------------

Report RTL Partitions: 
+-+--------------+------------+----------+
| |RTL Partition |Replication |Instances |
+-+--------------+------------+----------+
+-+--------------+------------+----------+
---------------------------------------------------------------------------------
Start Rebuilding User Hierarchy
---------------------------------------------------------------------------------
---------------------------------------------------------------------------------
Finished Rebuilding User Hierarchy : Time (s): cpu = 00:00:56 ; elapsed = 00:01:08 . Memory (MB): peak = 857.434 ; gain = 485.551
---------------------------------------------------------------------------------
---------------------------------------------------------------------------------
Start Renaming Generated Ports
---------------------------------------------------------------------------------
---------------------------------------------------------------------------------
Finished Renaming Generated Ports : Time (s): cpu = 00:00:56 ; elapsed = 00:01:08 . Memory (MB): peak = 857.434 ; gain = 485.551
---------------------------------------------------------------------------------
---------------------------------------------------------------------------------
Start Handling Custom Attributes
---------------------------------------------------------------------------------
---------------------------------------------------------------------------------
Finished Handling Custom Attributes : Time (s): cpu = 00:00:56 ; elapsed = 00:01:08 . Memory (MB): peak = 857.434 ; gain = 485.551
---------------------------------------------------------------------------------
---------------------------------------------------------------------------------
Start Renaming Generated Nets
---------------------------------------------------------------------------------
---------------------------------------------------------------------------------
Finished Renaming Generated Nets : Time (s): cpu = 00:00:56 ; elapsed = 00:01:08 . Memory (MB): peak = 857.434 ; gain = 485.551
---------------------------------------------------------------------------------
---------------------------------------------------------------------------------
Start Writing Synthesis Report
---------------------------------------------------------------------------------

Report BlackBoxes: 
+-+--------------+----------+
| |BlackBox name |Instances |
+-+--------------+----------+
+-+--------------+----------+

Report Cell Usage: 
+------+-----+------+
|      |Cell |Count |
+------+-----+------+
|1     |LUT1 |     1|
|2     |FDRE |    18|
+------+-----+------+

Report Instance Areas: 
+------+---------+--------+------+
|      |Instance |Module  |Cells |
+------+---------+--------+------+
|1     |top      |        |    19|
|2     |  U0     |rgb2vga |    19|
+------+---------+--------+------+
---------------------------------------------------------------------------------
Finished Writing Synthesis Report : Time (s): cpu = 00:00:56 ; elapsed = 00:01:08 . Memory (MB): peak = 857.434 ; gain = 485.551
---------------------------------------------------------------------------------
Synthesis finished with 0 errors, 0 critical warnings and 0 warnings.
Synthesis Optimization Runtime : Time (s): cpu = 00:00:32 ; elapsed = 00:00:47 . Memory (MB): peak = 857.434 ; gain = 206.461
Synthesis Optimization Complete : Time (s): cpu = 00:00:56 ; elapsed = 00:01:08 . Memory (MB): peak = 857.434 ; gain = 485.551
INFO: [Project 1-571] Translating synthesized netlist
INFO: [Project 1-570] Preparing netlist for logic optimization
INFO: [Opt 31-138] Pushed 0 inverter(s) to 0 load pin(s).
INFO: [Project 1-111] Unisim Transformation Summary:
No Unisim elements were transformed.

INFO: [Common 17-83] Releasing license: Synthesis
22 Infos, 1 Warnings, 0 Critical Warnings and 0 Errors encountered.
synth_design completed successfully
synth_design: Time (s): cpu = 00:01:00 ; elapsed = 00:01:14 . Memory (MB): peak = 868.422 ; gain = 508.004
WARNING: [Constraints 18-5210] No constraint will be written out.
INFO: [Common 17-1381] The checkpoint 'C:/Users/user/Desktop/sobel_zedboard_zybo/sobel_zybo/sobel_zybo.runs/design_1_rgb2vga_0_1_synth_1/design_1_rgb2vga_0_1.dcp' has been generated.
